<?xml version="1.0" encoding="UTF-8"?>
<testsuite xmlns:xsi="http://www.w3.org/2001/XMLSchema-instance" xsi:noNamespaceSchemaLocation="https://maven.apache.org/surefire/maven-surefire-plugin/xsd/surefire-test-report.xsd" name="cucumbertests.RunCucumberTest" time="2.669" tests="17" errors="2" skipped="0" failures="0">
  <properties>
    <property name="java.specification.version" value="17"/>
    <property name="sun.jnu.encoding" value="UTF-8"/>
    <property name="java.class.path" value="/home/arnaubuntu/Documents/SE/cucumber/calculator-cucumber/target/test-classes:/home/arnaubuntu/Documents/SE/cucumber/calculator-cucumber/target/classes:/home/arnaubuntu/.m2/repository/io/cucumber/cucumber-java/7.11.1/cucumber-java-7.11.1.jar:/home/arnaubuntu/.m2/repository/io/cucumber/cucumber-core/7.11.1/cucumber-core-7.11.1.jar:/home/arnaubuntu/.m2/repository/io/cucumber/cucumber-gherkin/7.11.1/cucumber-gherkin-7.11.1.jar:/home/arnaubuntu/.m2/repository/io/cucumber/cucumber-gherkin-messages/7.11.1/cucumber-gherkin-messages-7.11.1.jar:/home/arnaubuntu/.m2/repository/io/cucumber/gherkin/26.0.3/gherkin-26.0.3.jar:/home/arnaubuntu/.m2/repository/io/cucumber/messages/21.0.1/messages-21.0.1.jar:/home/arnaubuntu/.m2/repository/io/cucumber/tag-expressions/5.0.1/tag-expressions-5.0.1.jar:/home/arnaubuntu/.m2/repository/io/cucumber/cucumber-expressions/16.1.2/cucumber-expressions-16.1.2.jar:/home/arnaubuntu/.m2/repository/io/cucumber/datatable/7.11.1/datatable-7.11.1.jar:/home/arnaubuntu/.m2/repository/io/cucumber/cucumber-plugin/7.11.1/cucumber-plugin-7.11.1.jar:/home/arnaubuntu/.m2/repository/io/cucumber/docstring/7.11.1/docstring-7.11.1.jar:/home/arnaubuntu/.m2/repository/io/cucumber/html-formatter/20.2.1/html-formatter-20.2.1.jar:/home/arnaubuntu/.m2/repository/io/cucumber/junit-xml-formatter/0.1.0/junit-xml-formatter-0.1.0.jar:/home/arnaubuntu/.m2/repository/io/cucumber/ci-environment/9.1.0/ci-environment-9.1.0.jar:/home/arnaubuntu/.m2/repository/org/apiguardian/apiguardian-api/1.1.2/apiguardian-api-1.1.2.jar:/home/arnaubuntu/.m2/repository/io/cucumber/cucumber-junit/7.11.1/cucumber-junit-7.11.1.jar:/home/arnaubuntu/.m2/repository/junit/junit/4.13.2/junit-4.13.2.jar:/home/arnaubuntu/.m2/repository/org/hamcrest/hamcrest-core/1.3/hamcrest-core-1.3.jar:/home/arnaubuntu/.m2/repository/org/junit/vintage/junit-vintage-engine/5.9.2/junit-vintage-engine-5.9.2.jar:/home/arnaubuntu/.m2/repository/org/junit/platform/junit-platform-engine/1.9.2/junit-platform-engine-1.9.2.jar:/home/arnaubuntu/.m2/repository/org/opentest4j/opentest4j/1.2.0/opentest4j-1.2.0.jar:/home/arnaubuntu/.m2/repository/org/junit/platform/junit-platform-commons/1.9.2/junit-platform-commons-1.9.2.jar:/home/arnaubuntu/.m2/repository/org/junit/jupiter/junit-jupiter/5.9.2/junit-jupiter-5.9.2.jar:/home/arnaubuntu/.m2/repository/org/junit/jupiter/junit-jupiter-api/5.9.2/junit-jupiter-api-5.9.2.jar:/home/arnaubuntu/.m2/repository/org/junit/jupiter/junit-jupiter-params/5.9.2/junit-jupiter-params-5.9.2.jar:/home/arnaubuntu/.m2/repository/org/junit/jupiter/junit-jupiter-engine/5.9.2/junit-jupiter-engine-5.9.2.jar:"/>
    <property name="java.vm.vendor" value="Amazon.com Inc."/>
    <property name="sun.arch.data.model" value="64"/>
    <property name="java.vendor.url" value="https://aws.amazon.com/corretto/"/>
    <property name="os.name" value="Linux"/>
    <property name="java.vm.specification.version" value="17"/>
    <property name="sun.java.launcher" value="SUN_STANDARD"/>
    <property name="user.country" value="BE"/>
    <property name="sun.boot.library.path" value="/home/arnaubuntu/.jdks/corretto-17.0.6/lib"/>
    <property name="sun.java.command" value="/home/arnaubuntu/Documents/SE/cucumber/calculator-cucumber/target/surefire/surefirebooter9310243768606747445.jar /home/arnaubuntu/Documents/SE/cucumber/calculator-cucumber/target/surefire 2023-02-20T15-27-21_341-jvmRun1 surefire10969165973193524247tmp surefire_05019792736492589510tmp"/>
    <property name="jdk.debug" value="release"/>
    <property name="surefire.test.class.path" value="/home/arnaubuntu/Documents/SE/cucumber/calculator-cucumber/target/test-classes:/home/arnaubuntu/Documents/SE/cucumber/calculator-cucumber/target/classes:/home/arnaubuntu/.m2/repository/io/cucumber/cucumber-java/7.11.1/cucumber-java-7.11.1.jar:/home/arnaubuntu/.m2/repository/io/cucumber/cucumber-core/7.11.1/cucumber-core-7.11.1.jar:/home/arnaubuntu/.m2/repository/io/cucumber/cucumber-gherkin/7.11.1/cucumber-gherkin-7.11.1.jar:/home/arnaubuntu/.m2/repository/io/cucumber/cucumber-gherkin-messages/7.11.1/cucumber-gherkin-messages-7.11.1.jar:/home/arnaubuntu/.m2/repository/io/cucumber/gherkin/26.0.3/gherkin-26.0.3.jar:/home/arnaubuntu/.m2/repository/io/cucumber/messages/21.0.1/messages-21.0.1.jar:/home/arnaubuntu/.m2/repository/io/cucumber/tag-expressions/5.0.1/tag-expressions-5.0.1.jar:/home/arnaubuntu/.m2/repository/io/cucumber/cucumber-expressions/16.1.2/cucumber-expressions-16.1.2.jar:/home/arnaubuntu/.m2/repository/io/cucumber/datatable/7.11.1/datatable-7.11.1.jar:/home/arnaubuntu/.m2/repository/io/cucumber/cucumber-plugin/7.11.1/cucumber-plugin-7.11.1.jar:/home/arnaubuntu/.m2/repository/io/cucumber/docstring/7.11.1/docstring-7.11.1.jar:/home/arnaubuntu/.m2/repository/io/cucumber/html-formatter/20.2.1/html-formatter-20.2.1.jar:/home/arnaubuntu/.m2/repository/io/cucumber/junit-xml-formatter/0.1.0/junit-xml-formatter-0.1.0.jar:/home/arnaubuntu/.m2/repository/io/cucumber/ci-environment/9.1.0/ci-environment-9.1.0.jar:/home/arnaubuntu/.m2/repository/org/apiguardian/apiguardian-api/1.1.2/apiguardian-api-1.1.2.jar:/home/arnaubuntu/.m2/repository/io/cucumber/cucumber-junit/7.11.1/cucumber-junit-7.11.1.jar:/home/arnaubuntu/.m2/repository/junit/junit/4.13.2/junit-4.13.2.jar:/home/arnaubuntu/.m2/repository/org/hamcrest/hamcrest-core/1.3/hamcrest-core-1.3.jar:/home/arnaubuntu/.m2/repository/org/junit/vintage/junit-vintage-engine/5.9.2/junit-vintage-engine-5.9.2.jar:/home/arnaubuntu/.m2/repository/org/junit/platform/junit-platform-engine/1.9.2/junit-platform-engine-1.9.2.jar:/home/arnaubuntu/.m2/repository/org/opentest4j/opentest4j/1.2.0/opentest4j-1.2.0.jar:/home/arnaubuntu/.m2/repository/org/junit/platform/junit-platform-commons/1.9.2/junit-platform-commons-1.9.2.jar:/home/arnaubuntu/.m2/repository/org/junit/jupiter/junit-jupiter/5.9.2/junit-jupiter-5.9.2.jar:/home/arnaubuntu/.m2/repository/org/junit/jupiter/junit-jupiter-api/5.9.2/junit-jupiter-api-5.9.2.jar:/home/arnaubuntu/.m2/repository/org/junit/jupiter/junit-jupiter-params/5.9.2/junit-jupiter-params-5.9.2.jar:/home/arnaubuntu/.m2/repository/org/junit/jupiter/junit-jupiter-engine/5.9.2/junit-jupiter-engine-5.9.2.jar:"/>
    <property name="sun.cpu.endian" value="little"/>
    <property name="user.home" value="/home/arnaubuntu"/>
    <property name="user.language" value="fr"/>
    <property name="java.specification.vendor" value="Oracle Corporation"/>
    <property name="java.version.date" value="2023-01-17"/>
    <property name="java.home" value="/home/arnaubuntu/.jdks/corretto-17.0.6"/>
    <property name="file.separator" value="/"/>
    <property name="basedir" value="/home/arnaubuntu/Documents/SE/cucumber/calculator-cucumber"/>
    <property name="java.vm.compressedOopsMode" value="Zero based"/>
    <property name="line.separator" value="&#10;"/>
    <property name="java.specification.name" value="Java Platform API Specification"/>
    <property name="java.vm.specification.vendor" value="Oracle Corporation"/>
    <property name="surefire.real.class.path" value="/home/arnaubuntu/Documents/SE/cucumber/calculator-cucumber/target/surefire/surefirebooter9310243768606747445.jar"/>
    <property name="sun.management.compiler" value="HotSpot 64-Bit Tiered Compilers"/>
    <property name="java.runtime.version" value="17.0.6+10-LTS"/>
    <property name="user.name" value="arnaubuntu"/>
    <property name="path.separator" value=":"/>
    <property name="os.version" value="5.19.0-31-generic"/>
    <property name="java.runtime.name" value="OpenJDK Runtime Environment"/>
    <property name="file.encoding" value="UTF-8"/>
    <property name="java.vm.name" value="OpenJDK 64-Bit Server VM"/>
    <property name="java.vendor.version" value="Corretto-17.0.6.10.1"/>
    <property name="localRepository" value="/home/arnaubuntu/.m2/repository"/>
    <property name="java.vendor.url.bug" value="https://github.com/corretto/corretto-17/issues/"/>
    <property name="java.io.tmpdir" value="/tmp"/>
    <property name="idea.version" value="2022.3.2"/>
    <property name="java.version" value="17.0.6"/>
    <property name="user.dir" value="/home/arnaubuntu/Documents/SE/cucumber/calculator-cucumber"/>
    <property name="os.arch" value="amd64"/>
    <property name="java.vm.specification.name" value="Java Virtual Machine Specification"/>
    <property name="native.encoding" value="UTF-8"/>
    <property name="java.library.path" value="/usr/java/packages/lib:/usr/lib64:/lib64:/lib:/usr/lib"/>
    <property name="java.vm.info" value="mixed mode, sharing"/>
    <property name="java.vendor" value="Amazon.com Inc."/>
    <property name="java.vm.version" value="17.0.6+10-LTS"/>
    <property name="sun.io.unicode.encoding" value="UnicodeLittle"/>
    <property name="java.class.version" value="61.0"/>
  </properties>
  <testcase name="Adding two integer numbers #1" classname="cucumbertests.RunCucumberTest" time="0.084"/>
  <testcase name="Subtracting two integer numbers" classname="cucumbertests.RunCucumberTest" time="0.01"/>
  <testcase name="Multiplying two integer numbers" classname="cucumbertests.RunCucumberTest" time="0.017"/>
  <testcase name="Dividing two integer numbers #1" classname="cucumbertests.RunCucumberTest" time="0.004"/>
  <testcase name="Printing the sum of two integer numbers" classname="cucumbertests.RunCucumberTest" time="0.021"/>
  <testcase name="Evaluation arithmetic operations over a list of integer numbers" classname="cucumbertests.RunCucumberTest" time="0.013"/>
  <testcase name="Adding two integer numbers #2" classname="cucumbertests.RunCucumberTest" time="0.005"/>
  <testcase name="Adding two integer numbers #3" classname="cucumbertests.RunCucumberTest" time="0.008"/>
  <testcase name="Dividing two integer numbers #2" classname="cucumbertests.RunCucumberTest" time="0.006"/>
  <testcase name="Dividing two integer numbers #3" classname="cucumbertests.RunCucumberTest" time="0.006"/>
  <testcase name="Dividing two integer numbers #4" classname="cucumbertests.RunCucumberTest" time="0.006"/>
  <testcase name="Evaluating arithmetic operations with two integer parameters #1" classname="cucumbertests.RunCucumberTest" time="0.005"/>
  <testcase name="Evaluating arithmetic operations with two integer parameters #2" classname="cucumbertests.RunCucumberTest" time="0.006"/>
  <testcase name="Evaluating arithmetic operations with two integer parameters #3" classname="cucumbertests.RunCucumberTest" time="0.006"/>
  <testcase name="Evaluating arithmetic operations with two integer parameters #4" classname="cucumbertests.RunCucumberTest" time="0.005"/>
  <testcase name="Adding two integer numbers" classname="cucumbertests.RunCucumberTest" time="0.024">
    <error message="Cannot invoke &quot;calculator.Operation.addMoreParams(java.util.List)&quot; because &quot;this.op&quot; is null" type="java.lang.NullPointerException">java.lang.NullPointerException: Cannot invoke "calculator.Operation.addMoreParams(java.util.List)" because "this.op" is null
</error>
    <system-out><![CDATA[
Scenario: Adding two integer numbers &amp#27;[90m# src/test/resources/calculator/calculator2.feature:15&amp#27;[0m
  &amp#27;[32mGiven &amp#27;[0m&amp#27;[32mI initialise a calculator&amp#27;[0m    &amp#27;[90m# cucumbertests.CalculatorSteps.givenIInitialiseACalculator()&amp#27;[0m
  &amp#27;[31mWhen &amp#27;[0m&amp#27;[31mI provide a &amp#27;[0m&amp#27;[31m&amp#27;[1mfirst&amp#27;[0m&amp#27;[31m number &amp#27;[0m&amp#27;[31m&amp#27;[1m8&amp#27;[0m    &amp#27;[90m# cucumbertests.CalculatorSteps.whenIProvideANumber(java.lang.String,int)&amp#27;[0m
      &amp#27;[31mjava.lang.NullPointerException: Cannot invoke "calculator.Operation.addMoreParams(java.util.List)" because "this.op" is null
	at cucumbertests.CalculatorSteps.whenIProvideANumber(CalculatorSteps.java:91)
	at ✽.I provide a first number 8(file:///home/arnaubuntu/Documents/SE/cucumber/calculator-cucumber/src/test/resources/calculator/calculator2.feature:16)
&amp#27;[0m
  &amp#27;[36mAnd &amp#27;[0m&amp#27;[36mI provide a &amp#27;[0m&amp#27;[36m&amp#27;[1msecond&amp#27;[0m&amp#27;[36m number &amp#27;[0m&amp#27;[36m&amp#27;[1m6&amp#27;[0m    &amp#27;[90m# cucumbertests.CalculatorSteps.whenIProvideANumber(java.lang.String,int)&amp#27;[0m
  &amp#27;[36mGiven &amp#27;[0m&amp#27;[36man integer operation &amp#27;[0m&amp#27;[36m&amp#27;[1m'+'&amp#27;[0m     &amp#27;[90m# cucumbertests.CalculatorSteps.givenAnIntegerOperation(java.lang.String)&amp#27;[0m
  &amp#27;[36mThen &amp#27;[0m&amp#27;[36mthe operation evaluates to &amp#27;[0m&amp#27;[36m&amp#27;[1m14&amp#27;[0m &amp#27;[90m# cucumbertests.CalculatorSteps.thenTheOperationEvaluatesTo(int)&amp#27;[0m
]]></system-out>
  </testcase>
  <testcase name="Adding two integer numbers INFIX" classname="cucumbertests.RunCucumberTest" time="0.005">
    <error message="Cannot invoke &quot;calculator.Operation.addMoreParams(java.util.List)&quot; because &quot;this.op&quot; is null" type="java.lang.NullPointerException">java.lang.NullPointerException: Cannot invoke "calculator.Operation.addMoreParams(java.util.List)" because "this.op" is null
</error>
    <system-out><![CDATA[
Scenario: Adding two integer numbers INFIX &amp#27;[90m# src/test/resources/calculator/calculator2.feature:21&amp#27;[0m
  &amp#27;[32mGiven &amp#27;[0m&amp#27;[32mI initialise a calculator&amp#27;[0m          &amp#27;[90m# cucumbertests.CalculatorSteps.givenIInitialiseACalculator()&amp#27;[0m
  &amp#27;[31mWhen &amp#27;[0m&amp#27;[31mI provide a &amp#27;[0m&amp#27;[31m&amp#27;[1mfirst&amp#27;[0m&amp#27;[31m number &amp#27;[0m&amp#27;[31m&amp#27;[1m7&amp#27;[0m          &amp#27;[90m# cucumbertests.CalculatorSteps.whenIProvideANumber(java.lang.String,int)&amp#27;[0m
      &amp#27;[31mjava.lang.NullPointerException: Cannot invoke "calculator.Operation.addMoreParams(java.util.List)" because "this.op" is null
	at cucumbertests.CalculatorSteps.whenIProvideANumber(CalculatorSteps.java:91)
	at ✽.I provide a first number 7(file:///home/arnaubuntu/Documents/SE/cucumber/calculator-cucumber/src/test/resources/calculator/calculator2.feature:22)
&amp#27;[0m
  &amp#27;[36mGiven &amp#27;[0m&amp#27;[36man integer operation &amp#27;[0m&amp#27;[36m&amp#27;[1m'+'&amp#27;[0m           &amp#27;[90m# cucumbertests.CalculatorSteps.givenAnIntegerOperation(java.lang.String)&amp#27;[0m
  &amp#27;[36mWhen &amp#27;[0m&amp#27;[36mI provide a &amp#27;[0m&amp#27;[36m&amp#27;[1msecond&amp#27;[0m&amp#27;[36m number &amp#27;[0m&amp#27;[36m&amp#27;[1m5&amp#27;[0m         &amp#27;[90m# cucumbertests.CalculatorSteps.whenIProvideANumber(java.lang.String,int)&amp#27;[0m
  &amp#27;[36mThen &amp#27;[0m&amp#27;[36mthe operation evaluates to &amp#27;[0m&amp#27;[36m&amp#27;[1m12&amp#27;[0m       &amp#27;[90m# cucumbertests.CalculatorSteps.thenTheOperationEvaluatesTo(int)&amp#27;[0m
]]></system-out>
  </testcase>
</testsuite>