<?xml version="1.0" encoding="UTF-8"?>
<testsuite xmlns:xsi="http://www.w3.org/2001/XMLSchema-instance" xsi:noNamespaceSchemaLocation="https://maven.apache.org/surefire/maven-surefire-plugin/xsd/surefire-test-report.xsd" name="cucumbertests.RunCucumberTest" time="3.756" tests="19" errors="0" skipped="0" failures="0">
  <properties>
    <property name="java.specification.version" value="17"/>
    <property name="sun.jnu.encoding" value="UTF-8"/>
    <property name="java.class.path" value="/home/arnaubuntu/Documents/SE/Project/calculator-cucumber/target/test-classes:/home/arnaubuntu/Documents/SE/Project/calculator-cucumber/target/classes:/home/arnaubuntu/.m2/repository/io/cucumber/cucumber-java/7.11.1/cucumber-java-7.11.1.jar:/home/arnaubuntu/.m2/repository/io/cucumber/cucumber-core/7.11.1/cucumber-core-7.11.1.jar:/home/arnaubuntu/.m2/repository/io/cucumber/cucumber-gherkin/7.11.1/cucumber-gherkin-7.11.1.jar:/home/arnaubuntu/.m2/repository/io/cucumber/cucumber-gherkin-messages/7.11.1/cucumber-gherkin-messages-7.11.1.jar:/home/arnaubuntu/.m2/repository/io/cucumber/gherkin/26.0.3/gherkin-26.0.3.jar:/home/arnaubuntu/.m2/repository/io/cucumber/messages/21.0.1/messages-21.0.1.jar:/home/arnaubuntu/.m2/repository/io/cucumber/tag-expressions/5.0.1/tag-expressions-5.0.1.jar:/home/arnaubuntu/.m2/repository/io/cucumber/cucumber-expressions/16.1.2/cucumber-expressions-16.1.2.jar:/home/arnaubuntu/.m2/repository/io/cucumber/datatable/7.11.1/datatable-7.11.1.jar:/home/arnaubuntu/.m2/repository/io/cucumber/cucumber-plugin/7.11.1/cucumber-plugin-7.11.1.jar:/home/arnaubuntu/.m2/repository/io/cucumber/docstring/7.11.1/docstring-7.11.1.jar:/home/arnaubuntu/.m2/repository/io/cucumber/html-formatter/20.2.1/html-formatter-20.2.1.jar:/home/arnaubuntu/.m2/repository/io/cucumber/junit-xml-formatter/0.1.0/junit-xml-formatter-0.1.0.jar:/home/arnaubuntu/.m2/repository/io/cucumber/ci-environment/9.1.0/ci-environment-9.1.0.jar:/home/arnaubuntu/.m2/repository/org/apiguardian/apiguardian-api/1.1.2/apiguardian-api-1.1.2.jar:/home/arnaubuntu/.m2/repository/io/cucumber/cucumber-junit/7.11.1/cucumber-junit-7.11.1.jar:/home/arnaubuntu/.m2/repository/junit/junit/4.13.2/junit-4.13.2.jar:/home/arnaubuntu/.m2/repository/org/hamcrest/hamcrest-core/1.3/hamcrest-core-1.3.jar:/home/arnaubuntu/.m2/repository/org/junit/vintage/junit-vintage-engine/5.9.2/junit-vintage-engine-5.9.2.jar:/home/arnaubuntu/.m2/repository/org/junit/platform/junit-platform-engine/1.9.2/junit-platform-engine-1.9.2.jar:/home/arnaubuntu/.m2/repository/org/opentest4j/opentest4j/1.2.0/opentest4j-1.2.0.jar:/home/arnaubuntu/.m2/repository/org/junit/platform/junit-platform-commons/1.9.2/junit-platform-commons-1.9.2.jar:/home/arnaubuntu/.m2/repository/org/junit/jupiter/junit-jupiter/5.9.2/junit-jupiter-5.9.2.jar:/home/arnaubuntu/.m2/repository/org/junit/jupiter/junit-jupiter-api/5.9.2/junit-jupiter-api-5.9.2.jar:/home/arnaubuntu/.m2/repository/org/junit/jupiter/junit-jupiter-params/5.9.2/junit-jupiter-params-5.9.2.jar:/home/arnaubuntu/.m2/repository/org/junit/jupiter/junit-jupiter-engine/5.9.2/junit-jupiter-engine-5.9.2.jar:"/>
    <property name="java.vm.vendor" value="Amazon.com Inc."/>
    <property name="sun.arch.data.model" value="64"/>
    <property name="java.vendor.url" value="https://aws.amazon.com/corretto/"/>
    <property name="os.name" value="Linux"/>
    <property name="java.vm.specification.version" value="17"/>
    <property name="sun.java.launcher" value="SUN_STANDARD"/>
    <property name="user.country" value="BE"/>
    <property name="sun.boot.library.path" value="/home/arnaubuntu/.jdks/corretto-17.0.6/lib"/>
    <property name="sun.java.command" value="/home/arnaubuntu/Documents/SE/Project/calculator-cucumber/target/surefire/surefirebooter7529633108248677599.jar /home/arnaubuntu/Documents/SE/Project/calculator-cucumber/target/surefire 2023-03-25T11-01-12_482-jvmRun1 surefire17062470539747921585tmp surefire_012637692546853217962tmp"/>
    <property name="jdk.debug" value="release"/>
    <property name="surefire.test.class.path" value="/home/arnaubuntu/Documents/SE/Project/calculator-cucumber/target/test-classes:/home/arnaubuntu/Documents/SE/Project/calculator-cucumber/target/classes:/home/arnaubuntu/.m2/repository/io/cucumber/cucumber-java/7.11.1/cucumber-java-7.11.1.jar:/home/arnaubuntu/.m2/repository/io/cucumber/cucumber-core/7.11.1/cucumber-core-7.11.1.jar:/home/arnaubuntu/.m2/repository/io/cucumber/cucumber-gherkin/7.11.1/cucumber-gherkin-7.11.1.jar:/home/arnaubuntu/.m2/repository/io/cucumber/cucumber-gherkin-messages/7.11.1/cucumber-gherkin-messages-7.11.1.jar:/home/arnaubuntu/.m2/repository/io/cucumber/gherkin/26.0.3/gherkin-26.0.3.jar:/home/arnaubuntu/.m2/repository/io/cucumber/messages/21.0.1/messages-21.0.1.jar:/home/arnaubuntu/.m2/repository/io/cucumber/tag-expressions/5.0.1/tag-expressions-5.0.1.jar:/home/arnaubuntu/.m2/repository/io/cucumber/cucumber-expressions/16.1.2/cucumber-expressions-16.1.2.jar:/home/arnaubuntu/.m2/repository/io/cucumber/datatable/7.11.1/datatable-7.11.1.jar:/home/arnaubuntu/.m2/repository/io/cucumber/cucumber-plugin/7.11.1/cucumber-plugin-7.11.1.jar:/home/arnaubuntu/.m2/repository/io/cucumber/docstring/7.11.1/docstring-7.11.1.jar:/home/arnaubuntu/.m2/repository/io/cucumber/html-formatter/20.2.1/html-formatter-20.2.1.jar:/home/arnaubuntu/.m2/repository/io/cucumber/junit-xml-formatter/0.1.0/junit-xml-formatter-0.1.0.jar:/home/arnaubuntu/.m2/repository/io/cucumber/ci-environment/9.1.0/ci-environment-9.1.0.jar:/home/arnaubuntu/.m2/repository/org/apiguardian/apiguardian-api/1.1.2/apiguardian-api-1.1.2.jar:/home/arnaubuntu/.m2/repository/io/cucumber/cucumber-junit/7.11.1/cucumber-junit-7.11.1.jar:/home/arnaubuntu/.m2/repository/junit/junit/4.13.2/junit-4.13.2.jar:/home/arnaubuntu/.m2/repository/org/hamcrest/hamcrest-core/1.3/hamcrest-core-1.3.jar:/home/arnaubuntu/.m2/repository/org/junit/vintage/junit-vintage-engine/5.9.2/junit-vintage-engine-5.9.2.jar:/home/arnaubuntu/.m2/repository/org/junit/platform/junit-platform-engine/1.9.2/junit-platform-engine-1.9.2.jar:/home/arnaubuntu/.m2/repository/org/opentest4j/opentest4j/1.2.0/opentest4j-1.2.0.jar:/home/arnaubuntu/.m2/repository/org/junit/platform/junit-platform-commons/1.9.2/junit-platform-commons-1.9.2.jar:/home/arnaubuntu/.m2/repository/org/junit/jupiter/junit-jupiter/5.9.2/junit-jupiter-5.9.2.jar:/home/arnaubuntu/.m2/repository/org/junit/jupiter/junit-jupiter-api/5.9.2/junit-jupiter-api-5.9.2.jar:/home/arnaubuntu/.m2/repository/org/junit/jupiter/junit-jupiter-params/5.9.2/junit-jupiter-params-5.9.2.jar:/home/arnaubuntu/.m2/repository/org/junit/jupiter/junit-jupiter-engine/5.9.2/junit-jupiter-engine-5.9.2.jar:"/>
    <property name="sun.cpu.endian" value="little"/>
    <property name="user.home" value="/home/arnaubuntu"/>
    <property name="user.language" value="fr"/>
    <property name="java.specification.vendor" value="Oracle Corporation"/>
    <property name="java.version.date" value="2023-01-17"/>
    <property name="java.home" value="/home/arnaubuntu/.jdks/corretto-17.0.6"/>
    <property name="file.separator" value="/"/>
    <property name="basedir" value="/home/arnaubuntu/Documents/SE/Project/calculator-cucumber"/>
    <property name="java.vm.compressedOopsMode" value="Zero based"/>
    <property name="line.separator" value="&#10;"/>
    <property name="java.specification.name" value="Java Platform API Specification"/>
    <property name="java.vm.specification.vendor" value="Oracle Corporation"/>
    <property name="surefire.real.class.path" value="/home/arnaubuntu/Documents/SE/Project/calculator-cucumber/target/surefire/surefirebooter7529633108248677599.jar"/>
    <property name="sun.management.compiler" value="HotSpot 64-Bit Tiered Compilers"/>
    <property name="java.runtime.version" value="17.0.6+10-LTS"/>
    <property name="user.name" value="arnaubuntu"/>
    <property name="path.separator" value=":"/>
    <property name="os.version" value="5.19.0-35-generic"/>
    <property name="java.runtime.name" value="OpenJDK Runtime Environment"/>
    <property name="file.encoding" value="UTF-8"/>
    <property name="java.vm.name" value="OpenJDK 64-Bit Server VM"/>
    <property name="java.vendor.version" value="Corretto-17.0.6.10.1"/>
    <property name="localRepository" value="/home/arnaubuntu/.m2/repository"/>
    <property name="java.vendor.url.bug" value="https://github.com/corretto/corretto-17/issues/"/>
    <property name="java.io.tmpdir" value="/tmp"/>
    <property name="idea.version" value="2022.3.3"/>
    <property name="java.version" value="17.0.6"/>
    <property name="user.dir" value="/home/arnaubuntu/Documents/SE/Project/calculator-cucumber"/>
    <property name="os.arch" value="amd64"/>
    <property name="java.vm.specification.name" value="Java Virtual Machine Specification"/>
    <property name="native.encoding" value="UTF-8"/>
    <property name="java.library.path" value="/usr/java/packages/lib:/usr/lib64:/lib64:/lib:/usr/lib"/>
    <property name="java.vm.info" value="mixed mode, sharing"/>
    <property name="java.vendor" value="Amazon.com Inc."/>
    <property name="java.vm.version" value="17.0.6+10-LTS"/>
    <property name="sun.io.unicode.encoding" value="UnicodeLittle"/>
    <property name="java.class.version" value="61.0"/>
  </properties>
  <testcase name="Adding two integer numbers #1" classname="cucumbertests.RunCucumberTest" time="0.093"/>
  <testcase name="Subtracting two integer numbers" classname="cucumbertests.RunCucumberTest" time="0.015"/>
  <testcase name="Multiplying two integer numbers" classname="cucumbertests.RunCucumberTest" time="0.008"/>
  <testcase name="Dividing two integer numbers #1" classname="cucumbertests.RunCucumberTest" time="0.009"/>
  <testcase name="Printing the sum of two integer numbers" classname="cucumbertests.RunCucumberTest" time="0.019"/>
  <testcase name="Evaluation arithmetic operations over a list of integer numbers" classname="cucumbertests.RunCucumberTest" time="0.017"/>
  <testcase name="Adding two integer numbers #2" classname="cucumbertests.RunCucumberTest" time="0.008"/>
  <testcase name="Adding two integer numbers #3" classname="cucumbertests.RunCucumberTest" time="0.01"/>
  <testcase name="Dividing two integer numbers #2" classname="cucumbertests.RunCucumberTest" time="0.008"/>
  <testcase name="Dividing two integer numbers #3" classname="cucumbertests.RunCucumberTest" time="0.008"/>
  <testcase name="Dividing two integer numbers #4" classname="cucumbertests.RunCucumberTest" time="0.009"/>
  <testcase name="Evaluating arithmetic operations with two integer parameters #1" classname="cucumbertests.RunCucumberTest" time="0.007"/>
  <testcase name="Evaluating arithmetic operations with two integer parameters #2" classname="cucumbertests.RunCucumberTest" time="0.008"/>
  <testcase name="Evaluating arithmetic operations with two integer parameters #3" classname="cucumbertests.RunCucumberTest" time="0.007"/>
  <testcase name="Evaluating arithmetic operations with two integer parameters #4" classname="cucumbertests.RunCucumberTest" time="0.008"/>
  <testcase name="Evaluating operations with two integer parameters #1" classname="cucumbertests.RunCucumberTest" time="0.011"/>
  <testcase name="Evaluating operations with two integer parameters #2" classname="cucumbertests.RunCucumberTest" time="0.007"/>
  <testcase name="Evaluating operations with two integer parameters #3" classname="cucumbertests.RunCucumberTest" time="0.008"/>
  <testcase name="Evaluating operations with two integer parameters #4" classname="cucumbertests.RunCucumberTest" time="0.007"/>
</testsuite>